iter    1 | T=46 | loss 0.08610
iter   25 | T=43 | loss 0.03983
iter   50 | T=44 | loss 0.03844
iter   75 | T=41 | loss 0.03781
iter  100 | T=50 | loss 0.02538
iter  125 | T=44 | loss 0.02100
iter  150 | T=42 | loss 0.01933
iter  175 | T=54 | loss 0.01801
iter  200 | T=51 | loss 0.01618
iter  225 | T=53 | loss 0.01574
iter  250 | T=46 | loss 0.01485
iter  275 | T=42 | loss 0.01466
iter  300 | T=40 | loss 0.01431
iter  325 | T=53 | loss 0.01181
iter  350 | T=45 | loss 0.01310
iter  375 | T=47 | loss 0.01141
iter  400 | T=41 | loss 0.01247
iter  425 | T=50 | loss 0.01290
iter  450 | T=44 | loss 0.01425
iter  475 | T=52 | loss 0.01260
iter  500 | T=53 | loss 0.01439
iter  525 | T=44 | loss 0.01105
iter  550 | T=50 | loss 0.00989
iter  575 | T=53 | loss 0.01075
iter  600 | T=54 | loss 0.01125
iter  625 | T=53 | loss 0.01128
iter  650 | T=48 | loss 0.01142
iter  675 | T=41 | loss 0.01378
iter  700 | T=54 | loss 0.01064
iter  725 | T=40 | loss 0.01014
iter  750 | T=55 | loss 0.00992
iter  775 | T=53 | loss 0.01059
iter  800 | T=56 | loss 0.01041
iter  825 | T=42 | loss 0.01145
iter  850 | T=53 | loss 0.00942
iter  875 | T=43 | loss 0.00937
iter  900 | T=52 | loss 0.00832
iter  925 | T=45 | loss 0.01162
iter  950 | T=42 | loss 0.01358
iter  975 | T=46 | loss 0.00887
iter 1000 | T=51 | loss 0.00998
iter 1025 | T=44 | loss 0.01032
iter 1050 | T=56 | loss 0.00964
iter 1075 | T=52 | loss 0.01110
iter 1100 | T=44 | loss 0.00756
iter 1125 | T=50 | loss 0.01020
iter 1150 | T=50 | loss 0.01159
iter 1175 | T=46 | loss 0.01047
iter 1200 | T=54 | loss 0.01114
iter 1225 | T=49 | loss 0.00746
iter 1250 | T=47 | loss 0.00751
iter 1275 | T=45 | loss 0.01787
iter 1300 | T=41 | loss 0.00826
iter 1325 | T=55 | loss 0.00808
iter 1350 | T=53 | loss 0.00578
iter 1375 | T=41 | loss 0.00602
iter 1400 | T=40 | loss 0.00631
iter 1425 | T=54 | loss 0.00579
iter 1450 | T=50 | loss 0.00516
iter 1475 | T=50 | loss 0.00529
iter 1500 | T=42 | loss 0.00642
iter 1525 | T=47 | loss 0.00486
iter 1550 | T=43 | loss 0.00720
iter 1575 | T=41 | loss 0.00710
iter 1600 | T=41 | loss 0.01213
iter 1625 | T=46 | loss 0.00496
iter 1650 | T=56 | loss 0.00399
iter 1675 | T=51 | loss 0.00513
iter 1700 | T=41 | loss 0.00639
iter 1725 | T=43 | loss 0.00418
iter 1750 | T=44 | loss 0.00493
iter 1775 | T=40 | loss 0.03202
iter 1800 | T=48 | loss 0.02146
iter 1825 | T=55 | loss 0.00524
iter 1850 | T=56 | loss 0.00800
iter 1875 | T=52 | loss 0.01758
iter 1900 | T=54 | loss 0.00939
iter 1925 | T=47 | loss 0.00479
iter 1950 | T=44 | loss 0.00545
iter 1975 | T=42 | loss 0.00522
iter 2000 | T=42 | loss 0.00403
iter 2025 | T=54 | loss 0.01009
iter 2050 | T=51 | loss 0.00381
iter 2075 | T=46 | loss 0.02090
iter 2100 | T=43 | loss 0.00837
iter 2125 | T=50 | loss 0.01006
iter 2150 | T=48 | loss 0.00372
iter 2175 | T=51 | loss 0.00406
iter 2200 | T=50 | loss 0.00700
iter 2225 | T=44 | loss 0.00337
iter 2250 | T=56 | loss 0.00797
iter 2275 | T=52 | loss 0.00800
iter 2300 | T=47 | loss 0.03112
iter 2325 | T=40 | loss 0.01242
iter 2350 | T=52 | loss 0.00478
iter 2375 | T=52 | loss 0.00466
iter 2400 | T=42 | loss 0.01013
iter 2425 | T=56 | loss 0.00641
iter 2450 | T=49 | loss 0.00362
iter 2475 | T=47 | loss 0.00822
iter 2500 | T=48 | loss 0.00544
saved nca.bin (N=28 C=16 H=128)

== grown ==
                         .  
     ..                  : .
 .         .--=-..  .      .
  .      :+#%%@%@#= .   . . 
      .:#%@@@%@@@@@%:..   . 
 .   .*@%@@@@@@@@@@@@-   .  
    .*%@@@@@@@@@@@@@@@=.    
    =@@@@@@@@@@@@@@@@@%+   .
   .@@@@@@@@@@@@@@@@@@@%-   
   *@@@@@@@@@@@@@@@@@@%@# . 
   %@@@@@@@@@@@@@@@@@@@@@:  
  =@@@@@@@@@@@@@@@@@@@@@%=  
 .#@@@@@@@@@@@@@@@@@@@@@@+  
 .%@@@@@@@@@@@@@@@@@@@@@%*  
  %@@@@@@@@@@@@@@@@@@@@@@*  
  +@@@@@@@@@@@@@@@@@@@@@%*  
  =@%@@@@@@@@@@@@%@@@@@%%=. 
   @%@@@@%@@@@@@@@@%@@%%%   
   *%@@%@%%%@@%@%@@@@%%%+   
   :%@@@@@%%@@%@@@@@%%@#..  
.   *@@@@@%@%%%%@@%@@@%* .  
     %@@@@@%%%@@@@@@@@#  .  
 .    %@@@@@@@@@@@@@@%.    .
       *@@@@@@@@@@@%+    .  
  .     .*@@@@@@%#+.      . 
  :...    .:+#*+:..         
  :.                 .      
: .                     .   

== damaged ==
                         .  
     ..                  : .
 .         .--=-..  .      .
  .      :+#%%@%@#= .   . . 
      .:#%@@@%@@@@@%:..   . 
 .   .*@%@@@@@@@@@@@@-   .  
    .*%@@@@@@@@@@@@@@@=.    
    =@@@@@@@@@@@@@@@@@%+   .
   .@@@@@@@@@@@@@@@@@@@%-   
   *@@@@@@@@@@@@@@@@@@%@# . 
   %@@@@@@@@@@@@@@@@@@@@@:  
  =@@@@@@@@@@@@@@@@@@@@@%=  
 .#@@@@@@@@@@@@@@@@@@@@@@+  
 .%@@@@@@@@@@@@@@@@@@@@@%*  
  %@@@@@@@@@@@@@@@@@@@@@@*  
  +@@@@@@@@@@@@@@@@@@@@@%*  
  =@%@@@@@@@@@@@@%@@@@@%%=. 
   @%@@@@%@@@@@@@@@%@@%%%   
   *%@@%@%%%@@%   @@@%%%+   
   :%@@@@@%%@      @%%@#..  
.   *@@@@@%@        @@%* .  
     %@@@@@%         @#  .  
 .    %@@@@@         %.    .
       *@@@@             .  
  .     .*@@              . 
  :...    .:                
  :.                 .      
: .                     .   

== healed ==
 ..                         
   :       .          .   . 
  -.    ..  .=+-:    .  . . 
 .       .*%%@@%@%=         
       :%@@@@@@@@@%%-       
      *@@%%@@@@@@@@%%=      
     %@@@@@@@@@@@@@@@%=     
    +%@@@@@@@@@@@@@@@@%=    
   .@@@@@@@@@@@@@@@@@%@%    
   %@@@@@@@@@@@@@@@@@@@@+   
  .@@@@@@@@@@@@@@@@@@@@@%   
  :@@@@@@@@@@@@@@@@@@@@@@.  
  @@@@@@@@@@@@@@@@@@@@@@@+  
  @@@@@@@%@@@@@@@%@#%@@@@#  
  @@@@@@@%%@@@@@@@@@@@@@%#  
  %@@@@@@@@@@@@@@@@@@@@@%*  
  +@@@@@@@@@@@@@@@@@@@@@@-  
   %@@@@@@@@@@@@@@@@@@@@@   
   %@@@@%@@@@@%%@@@%@@@%# . 
   .@@@@%%%%@@%%@@@@@@@@-   
    #%@@@%@@@@%%%@@@@@@#    
   . %@@@@@@@@@@@@@@@@@     
      %@@@@@@@@@@@@@@@:     
       #@@@@@@@@@@@@*.     .
  :     :%@@@@@@%#+.        
          .=**=:..          
            . .      ... :. 
.                       .   
wrote grown.ppm / healed.ppm
