iter    1 | T=50 | loss 0.05016
iter   20 | T=45 | loss 0.01857
iter   40 | T=43 | loss 0.01579
iter   60 | T=44 | loss 0.01593
iter   80 | T=51 | loss 0.01286
iter  100 | T=51 | loss 0.01466
iter  120 | T=54 | loss 0.01378
iter  140 | T=50 | loss 0.01256
iter  160 | T=53 | loss 0.01022
iter  180 | T=40 | loss 0.01349
iter  200 | T=55 | loss 0.02120
iter  220 | T=44 | loss 0.00922
iter  240 | T=51 | loss 0.01116
iter  260 | T=45 | loss 0.00796
iter  280 | T=49 | loss 0.00663
iter  300 | T=40 | loss 0.01021
iter  320 | T=48 | loss 0.00646
iter  340 | T=41 | loss 0.00505
iter  360 | T=49 | loss 0.00492
iter  380 | T=56 | loss 0.00451
iter  400 | T=51 | loss 0.00432
iter  420 | T=46 | loss 0.00358
iter  440 | T=45 | loss 0.00460
iter  460 | T=46 | loss 0.00348
iter  480 | T=43 | loss 0.00413
iter  500 | T=56 | loss 0.00335
iter  520 | T=50 | loss 0.00721
iter  540 | T=52 | loss 0.00258
iter  560 | T=46 | loss 0.00232
iter  580 | T=50 | loss 0.00244
iter  600 | T=44 | loss 0.00350
iter  620 | T=54 | loss 0.00271
iter  640 | T=41 | loss 0.00320
iter  660 | T=55 | loss 0.00153
iter  680 | T=47 | loss 0.00470
iter  700 | T=44 | loss 0.00228
iter  720 | T=53 | loss 0.00142
iter  740 | T=53 | loss 0.00086
iter  760 | T=56 | loss 0.00110
iter  780 | T=42 | loss 0.00245
iter  800 | T=42 | loss 0.00182
iter  820 | T=52 | loss 0.00250
iter  840 | T=47 | loss 0.00157
iter  860 | T=54 | loss 0.00103
iter  880 | T=55 | loss 0.00102
iter  900 | T=54 | loss 0.00150
iter  920 | T=54 | loss 0.00228
iter  940 | T=50 | loss 0.00157
iter  960 | T=44 | loss 0.00128
iter  980 | T=44 | loss 0.00103
iter 1000 | T=50 | loss 0.00080
iter 1020 | T=49 | loss 0.00132
iter 1040 | T=51 | loss 0.00070
iter 1060 | T=49 | loss 0.00071
iter 1080 | T=54 | loss 0.00133
iter 1100 | T=40 | loss 0.00090
iter 1120 | T=43 | loss 0.00119
iter 1140 | T=55 | loss 0.00102
iter 1160 | T=42 | loss 0.00160
iter 1180 | T=54 | loss 0.00067
iter 1200 | T=49 | loss 0.00072
iter 1220 | T=54 | loss 0.00036
iter 1240 | T=40 | loss 0.00108
iter 1260 | T=47 | loss 0.00046
iter 1280 | T=41 | loss 0.00082
iter 1300 | T=54 | loss 0.00188
iter 1320 | T=46 | loss 0.00105
iter 1340 | T=43 | loss 0.00064
iter 1360 | T=52 | loss 0.00076
iter 1380 | T=56 | loss 0.00045
iter 1400 | T=51 | loss 0.00035
iter 1420 | T=50 | loss 0.00045
iter 1440 | T=45 | loss 0.00051
iter 1460 | T=53 | loss 0.00017
iter 1480 | T=50 | loss 0.00041
iter 1500 | T=45 | loss 0.00201

== grown (alpha) ==
      .:====+==++=-.    
    ...:-.     .=++=.   
   .-+-:+=  ..   ++=:   
  -*#** :=:=#*+   +=-.  
 -#%%++  :+#%%@@   :=:  
:*#%@ -=*#%%@@%%@.  =-  
#%#. :*###%%%%@@@@= .-. 
%%% .#%%%@@@%%%%@@@  **:
%%%.=%%#%@@@@%#%@@%%.+*=
%% :####@@@#%#@#%@%@:.+=
%@ -#**@@%@#+%@@@@%@  :=
%@ =#*#@%%@:-#%%@@@@: -=
@@ =#*@@%%%-:+#%%@@@#:=-
@@ =%#@@@@%:=*%%%@%@=-+:
@%+:%%@@@@%%#*#%@@@@ .=.
@%% :@@@@%%%%%%@@@@  .-.
#@@. #@@@@@@@@@@@@@  .: 
-@%@ :@@@%@%%%%@@@- .:. 
 #@%% .@@@@@@@@@@.  ..  
 :@%%@ .::@@@@@-   ..   
  =@%%%% ..:   ..       
  .+%%%%%%#%#-..:       
    -*%@%%%%%+.         
      :+*+=:            

== target (alpha) ==
                        
                        
                        
                        
         @@@@@@         
       @@@@@@@@@@       
      @@@@@@@@@@@@      
     @@@@@@@@@@@@@@     
     @@@@@@@@@@@@@@     
    @@@@@@@@@@@@@@@@    
    @@@@@@@@@@@@@@@@    
    @@@@@@@@@@@@@@@@    
    @@@@@@@@@@@@@@@@    
    @@@@@@@@@@@@@@@@    
    @@@@@@@@@@@@@@@@    
     @@@@@@@@@@@@@@     
     @@@@@@@@@@@@@@     
      @@@@@@@@@@@@      
       @@@@@@@@@@       
         @@@@@@         
                        
                        
                        
                        
